0 info it worked if it ends with ok
1 verbose cli [ '/usr/local/bin/node',
1 verbose cli   '/usr/local/bin/npm',
1 verbose cli   'run',
1 verbose cli   'babel-node',
1 verbose cli   'server' ]
2 info using npm@4.1.1
3 info using node@v7.4.0
4 verbose run-script [ 'prebabel-node', 'babel-node', 'postbabel-node' ]
5 info lifecycle login_and_registration@1.0.0~prebabel-node: login_and_registration@1.0.0
6 silly lifecycle login_and_registration@1.0.0~prebabel-node: no script for prebabel-node, continuing
7 info lifecycle login_and_registration@1.0.0~babel-node: login_and_registration@1.0.0
8 verbose lifecycle login_and_registration@1.0.0~babel-node: unsafe-perm in lifecycle true
9 verbose lifecycle login_and_registration@1.0.0~babel-node: PATH: /usr/local/lib/node_modules/npm/bin/node-gyp-bin:/Users/pj/Documents/Computer_Geekery/gitHub/Coding_Dojo/MEAN/Full_MEAN/6_Login_and_Registration/node_modules/.bin:/sw/bin:/sw/sbin:/Library/Frameworks/Python.framework/Versions/3.5/bin:/Library/Frameworks/Python.framework/Versions/2.7/bin:/usr/local/bin:/usr/bin:/bin:/usr/sbin:/sbin:/usr/local/share/dotnet:/Library/Frameworks/Mono.framework/Versions/Current/Commands
10 verbose lifecycle login_and_registration@1.0.0~babel-node: CWD: /Users/pj/Documents/Computer_Geekery/gitHub/Coding_Dojo/MEAN/Full_MEAN/6_Login_and_Registration
11 silly lifecycle login_and_registration@1.0.0~babel-node: Args: [ '-c', 'babel-node "server"' ]
12 silly lifecycle login_and_registration@1.0.0~babel-node: Returned: code: 1  signal: null
13 info lifecycle login_and_registration@1.0.0~babel-node: Failed to exec babel-node script
14 verbose stack Error: login_and_registration@1.0.0 babel-node: `babel-node "server"`
14 verbose stack Exit status 1
14 verbose stack     at EventEmitter.<anonymous> (/usr/local/lib/node_modules/npm/lib/utils/lifecycle.js:279:16)
14 verbose stack     at emitTwo (events.js:106:13)
14 verbose stack     at EventEmitter.emit (events.js:191:7)
14 verbose stack     at ChildProcess.<anonymous> (/usr/local/lib/node_modules/npm/lib/utils/spawn.js:40:14)
14 verbose stack     at emitTwo (events.js:106:13)
14 verbose stack     at ChildProcess.emit (events.js:191:7)
14 verbose stack     at maybeClose (internal/child_process.js:885:16)
14 verbose stack     at Process.ChildProcess._handle.onexit (internal/child_process.js:226:5)
15 verbose pkgid login_and_registration@1.0.0
16 verbose cwd /Users/pj/Documents/Computer_Geekery/gitHub/Coding_Dojo/MEAN/Full_MEAN/6_Login_and_Registration
17 error Darwin 16.3.0
18 error argv "/usr/local/bin/node" "/usr/local/bin/npm" "run" "babel-node" "server"
19 error node v7.4.0
20 error npm  v4.1.1
21 error code ELIFECYCLE
22 error login_and_registration@1.0.0 babel-node: `babel-node "server"`
22 error Exit status 1
23 error Failed at the login_and_registration@1.0.0 babel-node script 'babel-node "server"'.
23 error Make sure you have the latest version of node.js and npm installed.
23 error If you do, this is most likely a problem with the login_and_registration package,
23 error not with npm itself.
23 error Tell the author that this fails on your system:
23 error     babel-node "server"
23 error You can get information on how to open an issue for this project with:
23 error     npm bugs login_and_registration
23 error Or if that isn't available, you can get their info via:
23 error     npm owner ls login_and_registration
23 error There is likely additional logging output above.
24 verbose exit [ 1, true ]
